<?xml version="1.0" encoding="UTF-8"?>
<testsuite xmlns:xsi="http://www.w3.org/2001/XMLSchema-instance" xsi:noNamespaceSchemaLocation="https://maven.apache.org/surefire/maven-surefire-plugin/xsd/surefire-test-report-3.0.xsd" version="3.0" name="com.livebid.AuctionSystemTest" time="5.092" tests="2" errors="0" skipped="0" failures="1">
  <properties>
[...]
</properties>
  <testcase name="testAuctionClosingAndSettlement" classname="com.livebid.AuctionSystemTest" time="0.207">
    <failure message="expected: &lt;600&gt; but was: &lt;100600&gt;" type="org.opentest4j.AssertionFailedError"><![CDATA[org.opentest4j.AssertionFailedError: expected: <600> but was: <100600>
	at org.junit.jupiter.api.AssertionFailureBuilder.build(AssertionFailureBuilder.java:151)
	at org.junit.jupiter.api.AssertionFailureBuilder.buildAndThrow(AssertionFailureBuilder.java:132)
	at org.junit.jupiter.api.AssertEquals.failNotEqual(AssertEquals.java:197)
	at org.junit.jupiter.api.AssertEquals.assertEquals(AssertEquals.java:166)
	at org.junit.jupiter.api.AssertEquals.assertEquals(AssertEquals.java:161)
	at org.junit.jupiter.api.Assertions.assertEquals(Assertions.java:632)
	at com.livebid.AuctionSystemTest.testAuctionClosingAndSettlement(AuctionSystemTest.java:162)
	at java.base/java.lang.reflect.Method.invoke(Method.java:580)
	at java.base/java.util.ArrayList.forEach(ArrayList.java:1596)
	at java.base/java.util.ArrayList.forEach(ArrayList.java:1596)
]]></failure>
    <system-out><![CDATA[08:01:11.054 [main] INFO org.springframework.test.context.support.AnnotationConfigContextLoaderUtils -- Could not detect default configuration classes for test class [com.livebid.AuctionSystemTest]: AuctionSystemTest does not declare any static, non-private, non-final, nested classes annotated with @Configuration.
08:01:11.143 [main] INFO org.springframework.boot.test.context.SpringBootTestContextBootstrapper -- Found @SpringBootConfiguration com.livebid.LiveBidApplication for test class com.livebid.AuctionSystemTest

  .   ____          _            __ _ _
 /\\ / ___'_ __ _ _(_)_ __  __ _ \ \ \ \
( ( )\___ | '_ | '_| | '_ \/ _` | \ \ \ \
 \\/  ___)| |_)| | | | | || (_| |  ) ) ) )
  '  |____| .__|_| |_|_| |_\__, | / / / /
 =========|_|==============|___/=/_/_/_/
 :: Spring Boot ::                (v3.2.0)

2025-12-16T08:01:11.462Z  INFO 112 --- [livebid-api] [           main] com.livebid.AuctionSystemTest            : Starting AuctionSystemTest using Java 21.0.9 with PID 112 (started by root in /app)
2025-12-16T08:01:11.462Z DEBUG 112 --- [livebid-api] [           main] com.livebid.AuctionSystemTest            : Running with Spring Boot v3.2.0, Spring v6.1.1
2025-12-16T08:01:11.463Z  INFO 112 --- [livebid-api] [           main] com.livebid.AuctionSystemTest            : No active profile set, falling back to 1 default profile: "default"
2025-12-16T08:01:12.013Z  INFO 112 --- [livebid-api] [           main] .s.d.r.c.RepositoryConfigurationDelegate : Multiple Spring Data modules found, entering strict repository configuration mode
2025-12-16T08:01:12.014Z  INFO 112 --- [livebid-api] [           main] .s.d.r.c.RepositoryConfigurationDelegate : Bootstrapping Spring Data JPA repositories in DEFAULT mode.
2025-12-16T08:01:12.110Z  INFO 112 --- [livebid-api] [           main] .s.d.r.c.RepositoryConfigurationDelegate : Finished Spring Data repository scanning in 92 ms. Found 4 JPA repository interfaces.
2025-12-16T08:01:13.409Z  INFO 112 --- [livebid-api] [           main] o.hibernate.jpa.internal.util.LogHelper  : HHH000204: Processing PersistenceUnitInfo [name: default]
2025-12-16T08:01:13.457Z  INFO 112 --- [livebid-api] [           main] org.hibernate.Version                    : HHH000412: Hibernate ORM core version 6.3.1.Final
2025-12-16T08:01:13.491Z  INFO 112 --- [livebid-api] [           main] o.h.c.internal.RegionFactoryInitiator    : HHH000026: Second-level cache disabled
2025-12-16T08:01:13.565Z  INFO 112 --- [livebid-api] [           main] o.s.o.j.p.SpringPersistenceUnitInfo      : No LoadTimeWeaver setup: ignoring JPA class transformer
2025-12-16T08:01:13.587Z  INFO 112 --- [livebid-api] [           main] com.zaxxer.hikari.HikariDataSource       : HikariPool-1 - Starting...
2025-12-16T08:01:13.735Z  INFO 112 --- [livebid-api] [           main] com.zaxxer.hikari.pool.HikariPool        : HikariPool-1 - Added connection conn0: url=jdbc:h2:mem:livebid-test user=SA
2025-12-16T08:01:13.739Z  INFO 112 --- [livebid-api] [           main] com.zaxxer.hikari.HikariDataSource       : HikariPool-1 - Start completed.
2025-12-16T08:01:13.764Z  WARN 112 --- [livebid-api] [           main] org.hibernate.orm.deprecation            : HHH90000025: H2Dialect does not need to be specified explicitly using 'hibernate.dialect' (remove the property setting and it will be selected by default)
2025-12-16T08:01:14.274Z  INFO 112 --- [livebid-api] [           main] o.h.e.t.j.p.i.JtaPlatformInitiator       : HHH000489: No JTA platform available (set 'hibernate.transaction.jta.platform' to enable JTA platform integration)
2025-12-16T08:01:14.285Z DEBUG 112 --- [livebid-api] [           main] org.hibernate.SQL                        : drop table if exists auction_settlements cascade 
Hibernate: drop table if exists auction_settlements cascade 
2025-12-16T08:01:14.288Z DEBUG 112 --- [livebid-api] [           main] org.hibernate.SQL                        : drop table if exists auctions cascade 
Hibernate: drop table if exists auctions cascade 
2025-12-16T08:01:14.288Z DEBUG 112 --- [livebid-api] [           main] org.hibernate.SQL                        : drop table if exists bids cascade 
Hibernate: drop table if exists bids cascade 
2025-12-16T08:01:14.288Z DEBUG 112 --- [livebid-api] [           main] org.hibernate.SQL                        : drop table if exists users cascade 
Hibernate: drop table if exists users cascade 
2025-12-16T08:01:14.292Z DEBUG 112 --- [livebid-api] [           main] org.hibernate.SQL                        : create table auction_settlements (amount bigint not null, created_at timestamp(6) not null, auction_id uuid not null unique, id uuid not null, seller_id uuid not null, winner_id uuid not null, primary key (id))
Hibernate: create table auction_settlements (amount bigint not null, created_at timestamp(6) not null, auction_id uuid not null unique, id uuid not null, seller_id uuid not null, winner_id uuid not null, primary key (id))
2025-12-16T08:01:14.301Z DEBUG 112 --- [livebid-api] [           main] org.hibernate.SQL                        : create table auctions (current_price bigint not null, end_time timestamp(6), start_price bigint not null, start_time timestamp(6), version bigint, current_leader_bid_id uuid, current_leader_id uuid, id uuid not null, seller_id uuid not null, description TEXT, status varchar(255) not null check (status in ('DRAFT','SCHEDULED','LIVE','CLOSING','CLOSED')), title varchar(255) not null, primary key (id))
Hibernate: create table auctions (current_price bigint not null, end_time timestamp(6), start_price bigint not null, start_time timestamp(6), version bigint, current_leader_bid_id uuid, current_leader_id uuid, id uuid not null, seller_id uuid not null, description TEXT, status varchar(255) not null check (status in ('DRAFT','SCHEDULED','LIVE','CLOSING','CLOSED')), title varchar(255) not null, primary key (id))
2025-12-16T08:01:14.311Z DEBUG 112 --- [livebid-api] [           main] org.hibernate.SQL                        : create table bids (amount bigint not null, timestamp timestamp(6) not null, auction_id uuid not null, bidder_id uuid not null, id uuid not null, primary key (id))
Hibernate: create table bids (amount bigint not null, timestamp timestamp(6) not null, auction_id uuid not null, bidder_id uuid not null, id uuid not null, primary key (id))
2025-12-16T08:01:14.312Z DEBUG 112 --- [livebid-api] [           main] org.hibernate.SQL                        : create table users (available_balance bigint not null, reserved_balance bigint not null, id uuid not null, email varchar(255) not null unique, primary key (id))
Hibernate: create table users (available_balance bigint not null, reserved_balance bigint not null, id uuid not null, email varchar(255) not null unique, primary key (id))
2025-12-16T08:01:14.318Z  INFO 112 --- [livebid-api] [           main] j.LocalContainerEntityManagerFactoryBean : Initialized JPA EntityManagerFactory for persistence unit 'default'
2025-12-16T08:01:14.537Z  INFO 112 --- [livebid-api] [           main] o.s.d.j.r.query.QueryEnhancerFactory     : Hibernate is in classpath; If applicable, HQL parser will be used.
2025-12-16T08:01:15.058Z  WARN 112 --- [livebid-api] [           main] JpaBaseConfiguration$JpaWebConfiguration : spring.jpa.open-in-view is enabled by default. Therefore, database queries may be performed during view rendering. Explicitly configure spring.jpa.open-in-view to disable this warning
2025-12-16T08:01:15.776Z  INFO 112 --- [livebid-api] [           main] o.s.m.s.b.SimpleBrokerMessageHandler     : Starting...
2025-12-16T08:01:15.777Z  INFO 112 --- [livebid-api] [           main] o.s.m.s.b.SimpleBrokerMessageHandler     : BrokerAvailabilityEvent[available=true, SimpleBrokerMessageHandler [org.springframework.messaging.simp.broker.DefaultSubscriptionRegistry@7d07e6aa]]
2025-12-16T08:01:15.778Z  INFO 112 --- [livebid-api] [           main] o.s.m.s.b.SimpleBrokerMessageHandler     : Started.
2025-12-16T08:01:15.783Z  INFO 112 --- [livebid-api] [           main] com.livebid.AuctionSystemTest            : Started AuctionSystemTest in 4.547 seconds (process running for 5.124)
2025-12-16T08:01:15.863Z DEBUG 112 --- [livebid-api] [MessageBroker-1] org.hibernate.SQL                        : select a1_0.id,a1_0.current_leader_bid_id,a1_0.current_leader_id,a1_0.current_price,a1_0.description,a1_0.end_time,a1_0.seller_id,a1_0.start_price,a1_0.start_time,a1_0.status,a1_0.title,a1_0.version from auctions a1_0 where a1_0.status='LIVE' and a1_0.end_time<?
Hibernate: select a1_0.id,a1_0.current_leader_bid_id,a1_0.current_leader_id,a1_0.current_price,a1_0.description,a1_0.end_time,a1_0.seller_id,a1_0.start_price,a1_0.start_time,a1_0.status,a1_0.title,a1_0.version from auctions a1_0 where a1_0.status='LIVE' and a1_0.end_time<?
2025-12-16T08:01:15.863Z DEBUG 112 --- [livebid-api] [           main] org.hibernate.SQL                        : select u1_0.id,u1_0.available_balance,u1_0.email,u1_0.reserved_balance from users u1_0 where u1_0.email=?
Hibernate: select u1_0.id,u1_0.available_balance,u1_0.email,u1_0.reserved_balance from users u1_0 where u1_0.email=?
2025-12-16T08:01:15.916Z DEBUG 112 --- [livebid-api] [           main] org.hibernate.SQL                        : insert into users (available_balance,email,reserved_balance,id) values (?,?,?,?)
Hibernate: insert into users (available_balance,email,reserved_balance,id) values (?,?,?,?)
2025-12-16T08:01:15.922Z DEBUG 112 --- [livebid-api] [           main] org.hibernate.SQL                        : select u1_0.id,u1_0.available_balance,u1_0.email,u1_0.reserved_balance from users u1_0 where u1_0.email=?
Hibernate: select u1_0.id,u1_0.available_balance,u1_0.email,u1_0.reserved_balance from users u1_0 where u1_0.email=?
2025-12-16T08:01:15.937Z DEBUG 112 --- [livebid-api] [           main] org.hibernate.SQL                        : insert into users (available_balance,email,reserved_balance,id) values (?,?,?,?)
Hibernate: insert into users (available_balance,email,reserved_balance,id) values (?,?,?,?)
2025-12-16T08:01:15.937Z DEBUG 112 --- [livebid-api] [           main] org.hibernate.SQL                        : select count(*) from users u1_0 where u1_0.id=?
Hibernate: select count(*) from users u1_0 where u1_0.id=?
2025-12-16T08:01:15.960Z DEBUG 112 --- [livebid-api] [           main] org.hibernate.SQL                        : insert into auctions (current_leader_bid_id,current_leader_id,current_price,description,end_time,seller_id,start_price,start_time,status,title,version,id) values (?,?,?,?,?,?,?,?,?,?,?,?)
Hibernate: insert into auctions (current_leader_bid_id,current_leader_id,current_price,description,end_time,seller_id,start_price,start_time,status,title,version,id) values (?,?,?,?,?,?,?,?,?,?,?,?)
2025-12-16T08:01:15.962Z DEBUG 112 --- [livebid-api] [           main] org.hibernate.SQL                        : update auctions set current_leader_bid_id=?,current_leader_id=?,current_price=?,description=?,end_time=?,seller_id=?,start_price=?,start_time=?,status=?,title=?,version=? where id=? and version=?
Hibernate: update auctions set current_leader_bid_id=?,current_leader_id=?,current_price=?,description=?,end_time=?,seller_id=?,start_price=?,start_time=?,status=?,title=?,version=? where id=? and version=?
2025-12-16T08:01:15.965Z DEBUG 112 --- [livebid-api] [           main] org.hibernate.SQL                        : select a1_0.id,a1_0.current_leader_bid_id,a1_0.current_leader_id,a1_0.current_price,a1_0.description,a1_0.end_time,a1_0.seller_id,a1_0.start_price,a1_0.start_time,a1_0.status,a1_0.title,a1_0.version from auctions a1_0 where a1_0.id=? for update
Hibernate: select a1_0.id,a1_0.current_leader_bid_id,a1_0.current_leader_id,a1_0.current_price,a1_0.description,a1_0.end_time,a1_0.seller_id,a1_0.start_price,a1_0.start_time,a1_0.status,a1_0.title,a1_0.version from auctions a1_0 where a1_0.id=? for update
2025-12-16T08:01:15.969Z DEBUG 112 --- [livebid-api] [           main] org.hibernate.SQL                        : select u1_0.id,u1_0.available_balance,u1_0.email,u1_0.reserved_balance from users u1_0 where u1_0.id=? for update
Hibernate: select u1_0.id,u1_0.available_balance,u1_0.email,u1_0.reserved_balance from users u1_0 where u1_0.id=? for update
2025-12-16T08:01:15.984Z DEBUG 112 --- [livebid-api] [           main] org.hibernate.SQL                        : insert into bids (amount,auction_id,bidder_id,timestamp,id) values (?,?,?,?,?)
Hibernate: insert into bids (amount,auction_id,bidder_id,timestamp,id) values (?,?,?,?,?)
2025-12-16T08:01:15.985Z DEBUG 112 --- [livebid-api] [           main] org.hibernate.SQL                        : update users set available_balance=?,email=?,reserved_balance=? where id=?
Hibernate: update users set available_balance=?,email=?,reserved_balance=? where id=?
2025-12-16T08:01:15.986Z DEBUG 112 --- [livebid-api] [           main] org.hibernate.SQL                        : update auctions set current_leader_bid_id=?,current_leader_id=?,current_price=?,description=?,end_time=?,seller_id=?,start_price=?,start_time=?,status=?,title=?,version=? where id=? and version=?
Hibernate: update auctions set current_leader_bid_id=?,current_leader_id=?,current_price=?,description=?,end_time=?,seller_id=?,start_price=?,start_time=?,status=?,title=?,version=? where id=? and version=?
2025-12-16T08:01:15.986Z DEBUG 112 --- [livebid-api] [           main] org.hibernate.SQL                        : update auctions set status='CLOSING' where id=? and status='LIVE' and end_time<?
Hibernate: update auctions set status='CLOSING' where id=? and status='LIVE' and end_time<?
2025-12-16T08:01:15.988Z DEBUG 112 --- [livebid-api] [           main] org.hibernate.SQL                        : select a1_0.id,a1_0.current_leader_bid_id,a1_0.current_leader_id,a1_0.current_price,a1_0.description,a1_0.end_time,a1_0.seller_id,a1_0.start_price,a1_0.start_time,a1_0.status,a1_0.title,a1_0.version from auctions a1_0 where a1_0.id=? for update
Hibernate: select a1_0.id,a1_0.current_leader_bid_id,a1_0.current_leader_id,a1_0.current_price,a1_0.description,a1_0.end_time,a1_0.seller_id,a1_0.start_price,a1_0.start_time,a1_0.status,a1_0.title,a1_0.version from auctions a1_0 where a1_0.id=? for update
2025-12-16T08:01:15.990Z DEBUG 112 --- [livebid-api] [           main] org.hibernate.SQL                        : select u1_0.id,u1_0.available_balance,u1_0.email,u1_0.reserved_balance from users u1_0 where u1_0.id=? for update
Hibernate: select u1_0.id,u1_0.available_balance,u1_0.email,u1_0.reserved_balance from users u1_0 where u1_0.id=? for update
2025-12-16T08:01:15.991Z DEBUG 112 --- [livebid-api] [           main] org.hibernate.SQL                        : select u1_0.id,u1_0.available_balance,u1_0.email,u1_0.reserved_balance from users u1_0 where u1_0.id=? for update
Hibernate: select u1_0.id,u1_0.available_balance,u1_0.email,u1_0.reserved_balance from users u1_0 where u1_0.id=? for update
]]></system-out>
    <system-err><![CDATA[WARNING: A Java agent has been loaded dynamically (/root/.m2/repository/net/bytebuddy/byte-buddy-agent/1.14.10/byte-buddy-agent-1.14.10.jar)
WARNING: If a serviceability tool is in use, please run with -XX:+EnableDynamicAgentLoading to hide this warning
WARNING: If a serviceability tool is not in use, please run with -Djdk.instrument.traceUsage for more information
WARNING: Dynamic loading of agents will be disallowed by default in a future release
]]></system-err>
  </testcase>
  <testcase name="testFullAuctionLifecycle" classname="com.livebid.AuctionSystemTest" time="0.033">
    <system-out><![CDATA[2025-12-16T08:01:16.015Z DEBUG 112 --- [livebid-api] [           main] org.hibernate.SQL                        : select u1_0.id,u1_0.available_balance,u1_0.email,u1_0.reserved_balance from users u1_0 where u1_0.email=?
Hibernate: select u1_0.id,u1_0.available_balance,u1_0.email,u1_0.reserved_balance from users u1_0 where u1_0.email=?
2025-12-16T08:01:16.017Z DEBUG 112 --- [livebid-api] [           main] org.hibernate.SQL                        : insert into users (available_balance,email,reserved_balance,id) values (?,?,?,?)
Hibernate: insert into users (available_balance,email,reserved_balance,id) values (?,?,?,?)
2025-12-16T08:01:16.018Z DEBUG 112 --- [livebid-api] [           main] org.hibernate.SQL                        : select u1_0.id,u1_0.available_balance,u1_0.email,u1_0.reserved_balance from users u1_0 where u1_0.email=?
Hibernate: select u1_0.id,u1_0.available_balance,u1_0.email,u1_0.reserved_balance from users u1_0 where u1_0.email=?
2025-12-16T08:01:16.020Z DEBUG 112 --- [livebid-api] [           main] org.hibernate.SQL                        : insert into users (available_balance,email,reserved_balance,id) values (?,?,?,?)
Hibernate: insert into users (available_balance,email,reserved_balance,id) values (?,?,?,?)
2025-12-16T08:01:16.021Z DEBUG 112 --- [livebid-api] [           main] org.hibernate.SQL                        : select u1_0.id,u1_0.available_balance,u1_0.email,u1_0.reserved_balance from users u1_0 where u1_0.email=?
Hibernate: select u1_0.id,u1_0.available_balance,u1_0.email,u1_0.reserved_balance from users u1_0 where u1_0.email=?
2025-12-16T08:01:16.022Z DEBUG 112 --- [livebid-api] [           main] org.hibernate.SQL                        : insert into users (available_balance,email,reserved_balance,id) values (?,?,?,?)
Hibernate: insert into users (available_balance,email,reserved_balance,id) values (?,?,?,?)
2025-12-16T08:01:16.023Z DEBUG 112 --- [livebid-api] [           main] org.hibernate.SQL                        : select count(*) from users u1_0 where u1_0.id=?
Hibernate: select count(*) from users u1_0 where u1_0.id=?
2025-12-16T08:01:16.025Z DEBUG 112 --- [livebid-api] [           main] org.hibernate.SQL                        : insert into auctions (current_leader_bid_id,current_leader_id,current_price,description,end_time,seller_id,start_price,start_time,status,title,version,id) values (?,?,?,?,?,?,?,?,?,?,?,?)
Hibernate: insert into auctions (current_leader_bid_id,current_leader_id,current_price,description,end_time,seller_id,start_price,start_time,status,title,version,id) values (?,?,?,?,?,?,?,?,?,?,?,?)
2025-12-16T08:01:16.026Z DEBUG 112 --- [livebid-api] [           main] org.hibernate.SQL                        : update auctions set current_leader_bid_id=?,current_leader_id=?,current_price=?,description=?,end_time=?,seller_id=?,start_price=?,start_time=?,status=?,title=?,version=? where id=? and version=?
Hibernate: update auctions set current_leader_bid_id=?,current_leader_id=?,current_price=?,description=?,end_time=?,seller_id=?,start_price=?,start_time=?,status=?,title=?,version=? where id=? and version=?
2025-12-16T08:01:16.027Z DEBUG 112 --- [livebid-api] [           main] org.hibernate.SQL                        : select a1_0.id,a1_0.current_leader_bid_id,a1_0.current_leader_id,a1_0.current_price,a1_0.description,a1_0.end_time,a1_0.seller_id,a1_0.start_price,a1_0.start_time,a1_0.status,a1_0.title,a1_0.version from auctions a1_0 where a1_0.id=? for update
Hibernate: select a1_0.id,a1_0.current_leader_bid_id,a1_0.current_leader_id,a1_0.current_price,a1_0.description,a1_0.end_time,a1_0.seller_id,a1_0.start_price,a1_0.start_time,a1_0.status,a1_0.title,a1_0.version from auctions a1_0 where a1_0.id=? for update
2025-12-16T08:01:16.028Z DEBUG 112 --- [livebid-api] [           main] org.hibernate.SQL                        : select u1_0.id,u1_0.available_balance,u1_0.email,u1_0.reserved_balance from users u1_0 where u1_0.id=? for update
Hibernate: select u1_0.id,u1_0.available_balance,u1_0.email,u1_0.reserved_balance from users u1_0 where u1_0.id=? for update
2025-12-16T08:01:16.031Z DEBUG 112 --- [livebid-api] [           main] org.hibernate.SQL                        : insert into bids (amount,auction_id,bidder_id,timestamp,id) values (?,?,?,?,?)
Hibernate: insert into bids (amount,auction_id,bidder_id,timestamp,id) values (?,?,?,?,?)
2025-12-16T08:01:16.032Z DEBUG 112 --- [livebid-api] [           main] org.hibernate.SQL                        : update users set available_balance=?,email=?,reserved_balance=? where id=?
Hibernate: update users set available_balance=?,email=?,reserved_balance=? where id=?
2025-12-16T08:01:16.033Z DEBUG 112 --- [livebid-api] [           main] org.hibernate.SQL                        : update auctions set current_leader_bid_id=?,current_leader_id=?,current_price=?,description=?,end_time=?,seller_id=?,start_price=?,start_time=?,status=?,title=?,version=? where id=? and version=?
Hibernate: update auctions set current_leader_bid_id=?,current_leader_id=?,current_price=?,description=?,end_time=?,seller_id=?,start_price=?,start_time=?,status=?,title=?,version=? where id=? and version=?
2025-12-16T08:01:16.033Z DEBUG 112 --- [livebid-api] [           main] org.hibernate.SQL                        : select a1_0.id,a1_0.current_leader_bid_id,a1_0.current_leader_id,a1_0.current_price,a1_0.description,a1_0.end_time,a1_0.seller_id,a1_0.start_price,a1_0.start_time,a1_0.status,a1_0.title,a1_0.version from auctions a1_0 where a1_0.id=? for update
Hibernate: select a1_0.id,a1_0.current_leader_bid_id,a1_0.current_leader_id,a1_0.current_price,a1_0.description,a1_0.end_time,a1_0.seller_id,a1_0.start_price,a1_0.start_time,a1_0.status,a1_0.title,a1_0.version from auctions a1_0 where a1_0.id=? for update
2025-12-16T08:01:16.034Z DEBUG 112 --- [livebid-api] [           main] org.hibernate.SQL                        : select u1_0.id,u1_0.available_balance,u1_0.email,u1_0.reserved_balance from users u1_0 where u1_0.id=? for update
Hibernate: select u1_0.id,u1_0.available_balance,u1_0.email,u1_0.reserved_balance from users u1_0 where u1_0.id=? for update
2025-12-16T08:01:16.039Z DEBUG 112 --- [livebid-api] [           main] org.hibernate.SQL                        : select a1_0.id,a1_0.current_leader_bid_id,a1_0.current_leader_id,a1_0.current_price,a1_0.description,a1_0.end_time,a1_0.seller_id,a1_0.start_price,a1_0.start_time,a1_0.status,a1_0.title,a1_0.version from auctions a1_0 where a1_0.id=? for update
Hibernate: select a1_0.id,a1_0.current_leader_bid_id,a1_0.current_leader_id,a1_0.current_price,a1_0.description,a1_0.end_time,a1_0.seller_id,a1_0.start_price,a1_0.start_time,a1_0.status,a1_0.title,a1_0.version from auctions a1_0 where a1_0.id=? for update
2025-12-16T08:01:16.040Z DEBUG 112 --- [livebid-api] [           main] org.hibernate.SQL                        : select u1_0.id,u1_0.available_balance,u1_0.email,u1_0.reserved_balance from users u1_0 where u1_0.id=? for update
Hibernate: select u1_0.id,u1_0.available_balance,u1_0.email,u1_0.reserved_balance from users u1_0 where u1_0.id=? for update
2025-12-16T08:01:16.042Z DEBUG 112 --- [livebid-api] [           main] org.hibernate.SQL                        : update users set available_balance=?,email=?,reserved_balance=? where id=?
Hibernate: update users set available_balance=?,email=?,reserved_balance=? where id=?
2025-12-16T08:01:16.042Z DEBUG 112 --- [livebid-api] [           main] org.hibernate.SQL                        : select u1_0.id,u1_0.available_balance,u1_0.email,u1_0.reserved_balance from users u1_0 where u1_0.id=? for update
Hibernate: select u1_0.id,u1_0.available_balance,u1_0.email,u1_0.reserved_balance from users u1_0 where u1_0.id=? for update
]]></system-out>
  </testcase>
</testsuite>